<?xml version="1.0" encoding="UTF-8"?>
<!-- Generated by org.testng.reporters.JUnitXMLReporter -->
<testsuite ignored="0" hostname="DESKTOP-0BH1UMI" failures="1" tests="14" name="Regression Tests execution over Chrome   Browser" time="155.327" errors="0" timestamp="2024-04-02T16:48:17 IST">
  <testcase classname="org.selenium.tests.LoginPageTest" name="loginWithValidCredentials" time="9.933"/>
  <testcase classname="org.selenium.tests.ProductPageTest" name="AddToCartValidation" time="11.394"/>
  <testcase classname="org.selenium.tests.LoginPageTest" name="loginWithInvalidCredentials" time="5.358"/>
  <testcase classname="org.selenium.tests.CheckoutPageTest" name="CheckOutValidation" time="11.489"/>
  <testcase classname="org.selenium.tests.LoginPageTest" name="loginAndLogout" time="10.577"/>
  <testcase classname="org.selenium.tests.CheckoutPageTest" name="CheckOutValidation" time="12.836"/>
  <testcase classname="org.selenium.tests.LoginPageTest" name="loginWithMultipleCredentials" time="9.334"/>
  <testcase classname="org.selenium.tests.CheckoutPageTest" name="CheckOutValidation" time="10.756"/>
  <testcase classname="org.selenium.tests.LoginPageTest" name="loginWithMultipleCredentials" time="13.634">
    <skipped/>
  </testcase> <!-- loginWithMultipleCredentials -->
  <testcase classname="org.selenium.tests.LoginPageTest" name="loginWithMultipleCredentials" time="12.897">
    <failure type="org.openqa.selenium.TimeoutException" message="Expected condition failed: waiting for presence of element located by: By.xpath: //div[@class=&amp;apos;app_logo&amp;apos;] (tried for 10 second(s) with 500 milliseconds interval)">
      <![CDATA[org.openqa.selenium.TimeoutException: Expected condition failed: waiting for presence of element located by: By.xpath: //div[@class='app_logo'] (tried for 10 second(s) with 500 milliseconds interval)
at org.openqa.selenium.support.ui.WebDriverWait.timeoutException(WebDriverWait.java:84)
at org.openqa.selenium.support.ui.FluentWait.until(FluentWait.java:228)
at org.selenium.factories.ExplicitWaitFactory.performExplicitWait(ExplicitWaitFactory.java:25)
at org.selenium.pages.BasePage.isDisplayed(BasePage.java:66)
at org.selenium.components.MyHeader.getHeaderMsg(MyHeader.java:19)
at org.selenium.pages.HomePage.isHeadingMsgDisplayed(HomePage.java:38)
at org.selenium.tests.LoginPageTest.loginWithMultipleCredentials(LoginPageTest.java:97)
at java.base/java.util.concurrent.ThreadPoolExecutor.runWorker(ThreadPoolExecutor.java:1136)
at java.base/java.util.concurrent.ThreadPoolExecutor$Worker.run(ThreadPoolExecutor.java:635)
at java.base/java.lang.Thread.run(Thread.java:833)
Caused by: org.openqa.selenium.NoSuchElementException: no such element: Unable to locate element: {"method":"xpath","selector":"//div[@class='app_logo']"}
  (Session info: chrome=123.0.6312.86)
For documentation on this error, please visit: https://www.selenium.dev/documentation/webdriver/troubleshooting/errors#no-such-element-exception
Build info: version: '4.18.1', revision: 'b1d3319b48'
System info: os.name: 'Windows 10', os.arch: 'amd64', os.version: '10.0', java.version: '17.0.7'
Driver info: org.openqa.selenium.chrome.ChromeDriver
Command: [2a2ef224997fcb722487f79370b0ced4, findElement {using=xpath, value=//div[@class='app_logo']}]
Capabilities {acceptInsecureCerts: false, browserName: chrome, browserVersion: 123.0.6312.86, chrome: {chromedriverVersion: 123.0.6312.86 (9b72c47a0536..., userDataDir: C:\Users\SHREE\AppData\Loca...}, fedcm:accounts: true, goog:chromeOptions: {debuggerAddress: localhost:60991}, networkConnectionEnabled: false, pageLoadStrategy: normal, platformName: windows, proxy: Proxy(), se:cdp: ws://localhost:60991/devtoo..., se:cdpVersion: 123.0.6312.86, setWindowRect: true, strictFileInteractability: false, timeouts: {implicit: 0, pageLoad: 300000, script: 30000}, unhandledPromptBehavior: dismiss and notify, webauthn:extension:credBlob: true, webauthn:extension:largeBlob: true, webauthn:extension:minPinLength: true, webauthn:extension:prf: true, webauthn:virtualAuthenticators: true}
Session ID: 2a2ef224997fcb722487f79370b0ced4
at org.openqa.selenium.remote.ErrorCodec.decode(ErrorCodec.java:167)
at org.openqa.selenium.remote.codec.w3c.W3CHttpResponseCodec.decode(W3CHttpResponseCodec.java:138)
at org.openqa.selenium.remote.codec.w3c.W3CHttpResponseCodec.decode(W3CHttpResponseCodec.java:50)
at org.openqa.selenium.remote.HttpCommandExecutor.execute(HttpCommandExecutor.java:190)
at org.openqa.selenium.remote.service.DriverCommandExecutor.invokeExecute(DriverCommandExecutor.java:216)
at org.openqa.selenium.remote.service.DriverCommandExecutor.execute(DriverCommandExecutor.java:174)
at org.openqa.selenium.remote.RemoteWebDriver.execute(RemoteWebDriver.java:519)
at org.openqa.selenium.remote.ElementLocation$ElementFinder$2.findElement(ElementLocation.java:165)
at org.openqa.selenium.remote.ElementLocation.findElement(ElementLocation.java:59)
at org.openqa.selenium.remote.RemoteWebDriver.findElement(RemoteWebDriver.java:356)
at org.openqa.selenium.remote.RemoteWebDriver.findElement(RemoteWebDriver.java:350)
at org.openqa.selenium.support.ui.ExpectedConditions$6.apply(ExpectedConditions.java:171)
at org.openqa.selenium.support.ui.ExpectedConditions$6.apply(ExpectedConditions.java:168)
at org.openqa.selenium.support.ui.FluentWait.until(FluentWait.java:203)
... 20 more
... Removed 16 stack frames]]>
    </failure>
  </testcase> <!-- loginWithMultipleCredentials -->
  <testcase classname="org.selenium.tests.LoginPageTest" name="loginWithMultipleCredentials" time="4.583"/>
  <testcase classname="org.selenium.tests.LoginPageTest" name="loginWithMultipleCredentials" time="9.846"/>
  <testcase classname="org.selenium.tests.LoginPageTest" name="loginWithMultipleCredentials" time="3.668"/>
  <testcase classname="org.selenium.tests.LoginPageTest" name="loginWithMultipleCredentials" time="4.028"/>
</testsuite> <!-- Regression Tests execution over Chrome   Browser -->
